
2014/6/22 22:39:55
e:\个人项目\最新模版全新\Web\Web\Web\GetHtml.aspx.cs(52): error CS1061: “Match”不包含“Value”的定义，并且找不到可接受类型为“Match”的第一个参数的扩展方法“Value”(是否缺少 using 指令或程序集引用?)

2014/6/22 22:44:00
e:\个人项目\最新模版全新\Web\Web\Web\GetHtml.aspx.cs(54): error CS1061: “Match”不包含“Value”的定义，并且找不到可接受类型为“Match”的第一个参数的扩展方法“Value”(是否缺少 using 指令或程序集引用?)

2014/6/22 22:45:43
e:\个人项目\最新模版全新\Web\Web\Web\GetHtml.aspx.cs(55): error CS1061: “Match”不包含“Value”的定义，并且找不到可接受类型为“Match”的第一个参数的扩展方法“Value”(是否缺少 using 指令或程序集引用?)